<?xml version="1.0" encoding="UTF-8"?>
<!-- Generated by org.testng.reporters.JUnitReportReporter -->
<testsuite hostname="LAPTOP-H8300NBV" failures="0" tests="4" name="runner.RunTest" time="167.323" errors="0" timestamp="2022-03-26T18:48:15 PDT" skipped="0">
  <testcase classname="runner.RunTest" name="runScenario" time="45.780"/>
  <system-out/>
  <testcase classname="runner.RunTest" name="runScenario" time="27.055"/>
  <system-out/>
  <testcase classname="runner.RunTest" name="runScenario" time="46.950"/>
  <system-out/>
  <testcase classname="runner.RunTest" name="runScenario" time="47.538"/>
  <system-out/>
</testsuite> <!-- runner.RunTest -->
