<?xml version="1.0" encoding="UTF-8"?>
<!-- Generated by org.testng.reporters.JUnitReportReporter -->
<testsuite hostname="LAPTOP-H8300NBV" failures="0" tests="1" name="Com.Testleaf.UI.Test.TC004_DeleteLead" time="80.798" errors="0" timestamp="2022-04-06T20:40:52 PDT" skipped="0">
  <testcase classname="Com.Testleaf.UI.Test.TC004_DeleteLead" name="Run_DeleteLead" time="80.798"/>
  <system-out/>
</testsuite> <!-- Com.Testleaf.UI.Test.TC004_DeleteLead -->
