<?xml version="1.0" encoding="UTF-8"?>
<!-- Generated by org.testng.reporters.JUnitReportReporter -->
<testsuite hostname="LAPTOP-H8300NBV" failures="0" tests="4" name="runner.RunTest" time="284.360" errors="0" timestamp="2022-03-30T08:42:25 PDT" skipped="0">
  <testcase classname="runner.RunTest" name="runScenario" time="79.913"/>
  <system-out/>
  <testcase classname="runner.RunTest" name="runScenario" time="94.854"/>
  <system-out/>
  <testcase classname="runner.RunTest" name="runScenario" time="57.738"/>
  <system-out/>
  <testcase classname="runner.RunTest" name="runScenario" time="51.855"/>
  <system-out/>
</testsuite> <!-- runner.RunTest -->
